<?xml version="1.0" encoding="UTF-8"?>
<!-- Generated by org.testng.reporters.JUnitReportReporter -->
<testsuite skipped="0" hostname="mayu" name="testCases.TC_LoginTest_001" tests="1" failures="0" timestamp="2020-10-26T14:39:33 IST" time="1.664" errors="0">
  <testcase name="loginTest" time="1.664" classname="testCases.TC_LoginTest_001"/>
  <system-out/>
</testsuite> <!-- testCases.TC_LoginTest_001 -->
