<?xml version="1.0" encoding="UTF-8"?>
<!-- Generated by org.testng.reporters.JUnitReportReporter -->
<testsuite skipped="0" hostname="mayu" name="testCases.TC_AddCustomerTest_003" tests="1" failures="0" timestamp="2020-10-26T14:39:33 IST" time="15.029" errors="0">
  <testcase name="addNewCustomer" time="15.029" classname="testCases.TC_AddCustomerTest_003"/>
  <system-out/>
</testsuite> <!-- testCases.TC_AddCustomerTest_003 -->
